Start testing: Dec 14 15:02 CST
----------------------------------------------------------
1/1 Testing: test
1/1 Test: test
Command: "/home/weihuang/Insync/hweigo@sjtu.edu.cn/OneDrive Biz/ALGO/SLAMBook_Demo/chap5/build/defectsDetection" "../ori.jpg"
Directory: /home/weihuang/Insync/hweigo@sjtu.edu.cn/OneDrive Biz/ALGO/SLAMBook_Demo/chap5/build
"test" start time: Dec 14 15:02 CST
Output:
----------------------------------------------------------
Min vlaue: 101
Max vlaue: 205
terminate called after throwing an instance of 'cv::Exception'
  what():  OpenCV(4.5.0-dev) /home/weihuang/Insync/hweigo@sjtu.edu.cn/OneDrive Biz/ALGO/SLAMBook_Demo/3rdPartyPkg/opencv/modules/highgui/src/window.cpp:376: error: (-215:Assertion failed) size.width>0 && size.height>0 in function 'imshow'

<end of output>
Test time =   0.16 sec
----------------------------------------------------------
Test Failed.
"test" end time: Dec 14 15:02 CST
"test" time elapsed: 00:00:00
----------------------------------------------------------

End testing: Dec 14 15:02 CST
